<?xml version="1.0" encoding="UTF-8"?>
<!-- Generated by org.testng.reporters.JUnitXMLReporter -->
<testsuite ignored="4" hostname="Prachi" failures="0" tests="1" name="Default test" time="30.807" errors="0" timestamp="2025-09-08T15:49:30 IST">
  <testcase classname="com.orangehrm.test.OrangeHRMTestCases" name="searchProject" time="20.527"/>
  <testcase classname="com.orangehrm.test.OrangeHRMTestCases" name="verifyloginTestcase1" time="0.0">
    <ignored/>
  </testcase> <!-- verifyloginTestcase1 -->
  <testcase classname="com.orangehrm.test.OrangeHRMTestCases" name="searchEmployeeLeaveList" time="0.0">
    <ignored/>
  </testcase> <!-- searchEmployeeLeaveList -->
  <testcase classname="com.orangehrm.test.OrangeHRMTestCases" name="AddingEmployeeTestCase2" time="0.0">
    <ignored/>
  </testcase> <!-- AddingEmployeeTestCase2 -->
  <testcase classname="com.orangehrm.test.OrangeHRMTestCases" name="searchEmployeeQuickTest" time="0.0">
    <ignored/>
  </testcase> <!-- searchEmployeeQuickTest -->
</testsuite> <!-- Default test -->
