<?xml version="1.0" encoding="UTF-8"?>
<!-- Generated by org.testng.reporters.JUnitXMLReporter -->
<testsuite ignored="4" hostname="Prachi" failures="0" tests="1" name="Test" time="31.51" errors="0" timestamp="2025-09-08T16:55:54 IST">
  <testcase classname="com.orangehrm.test.OrangeHRMTestCases" name="searchEmployeeLeaveList" time="18.599"/>
  <testcase classname="com.orangehrm.test.OrangeHRMTestCases" name="verifyloginTestcase1" time="0.0">
    <ignored/>
  </testcase> <!-- verifyloginTestcase1 -->
  <testcase classname="com.orangehrm.test.OrangeHRMTestCases" name="AddingEmployeeTestCase2" time="0.0">
    <ignored/>
  </testcase> <!-- AddingEmployeeTestCase2 -->
  <testcase classname="com.orangehrm.test.OrangeHRMTestCases" name="searchProject" time="0.0">
    <ignored/>
  </testcase> <!-- searchProject -->
  <testcase classname="com.orangehrm.test.OrangeHRMTestCases" name="searchEmployeeQuickTest" time="0.0">
    <ignored/>
  </testcase> <!-- searchEmployeeQuickTest -->
</testsuite> <!-- Test -->
