<?xml version="1.0" encoding="UTF-8"?>
<testng-results ignored="4" total="5" passed="1" failed="0" skipped="0">
  <reporter-output>
  </reporter-output>
  <suite started-at="2025-09-08T16:55:23 IST" name="Suite" finished-at="2025-09-08T16:55:54 IST" duration-ms="31510">
    <groups>
    </groups>
    <test started-at="2025-09-08T16:55:23 IST" name="Test" finished-at="2025-09-08T16:55:54 IST" duration-ms="31510">
      <class name="com.orangehrm.test.OrangeHRMTestCases">
        <test-method is-config="true" signature="setupreport()[pri:0, instance:com.orangehrm.test.OrangeHRMTestCases@609cd4d8]" started-at="2025-09-08T16:55:22 IST" name="setupreport" finished-at="2025-09-08T16:55:23 IST" duration-ms="525" status="PASS">
          <reporter-output>
          </reporter-output>
        </test-method> <!-- setupreport -->
        <test-method is-config="true" signature="setup()[pri:0, instance:com.orangehrm.test.OrangeHRMTestCases@609cd4d8]" started-at="2025-09-08T16:55:24 IST" name="setup" finished-at="2025-09-08T16:55:34 IST" duration-ms="9599" status="PASS">
          <reporter-output>
          </reporter-output>
        </test-method> <!-- setup -->
        <test-method signature="searchEmployeeLeaveList(java.lang.String,java.lang.String)[pri:0, instance:com.orangehrm.test.OrangeHRMTestCases@609cd4d8]" started-at="2025-09-08T16:55:34 IST" name="searchEmployeeLeaveList" data-provider="loginData1" finished-at="2025-09-08T16:55:52 IST" duration-ms="18599" status="PASS">
          <params>
            <param index="0">
              <value>
                <![CDATA[Admin]]>
              </value>
            </param>
            <param index="1">
              <value>
                <![CDATA[admin123]]>
              </value>
            </param>
          </params>
          <reporter-output>
          </reporter-output>
        </test-method> <!-- searchEmployeeLeaveList -->
        <test-method is-config="true" signature="teardown()[pri:0, instance:com.orangehrm.test.OrangeHRMTestCases@609cd4d8]" started-at="2025-09-08T16:55:52 IST" name="teardown" finished-at="2025-09-08T16:55:54 IST" duration-ms="2030" status="PASS">
          <reporter-output>
          </reporter-output>
        </test-method> <!-- teardown -->
        <test-method is-config="true" signature="flushreport()[pri:0, instance:com.orangehrm.test.OrangeHRMTestCases@609cd4d8]" started-at="2025-09-08T16:55:54 IST" name="flushreport" finished-at="2025-09-08T16:55:55 IST" duration-ms="1107" status="PASS">
          <reporter-output>
          </reporter-output>
        </test-method> <!-- flushreport -->
      </class> <!-- com.orangehrm.test.OrangeHRMTestCases -->
    </test> <!-- Test -->
  </suite> <!-- Suite -->
</testng-results>
